TN:
SF:src/DAOGovernance.sol
DA:139,29
FN:139,DAOGovernance.constructor
FNDA:29,DAOGovernance.constructor
DA:140,29
BRDA:140,0,0,-
DA:141,29
DA:148,29
FN:148,DAOGovernance.createProposal
FNDA:29,DAOGovernance.createProposal
DA:151,29
DA:154,25
DA:157,25
DA:158,25
DA:160,25
DA:169,25
DA:170,25
DA:171,25
DA:172,25
DA:174,25
DA:189,23
FN:189,DAOGovernance.vote
FNDA:23,DAOGovernance.vote
DA:190,23
BRDA:190,1,0,1
DA:192,22
DA:194,22
DA:195,22
BRDA:195,2,0,1
DA:196,1
DA:199,1
BRDA:199,3,0,1
DA:201,20
DA:202,20
BRDA:202,4,0,1
DA:204,19
DA:205,19
DA:207,19
DA:209,19
BRDA:209,5,0,14
BRDA:209,5,1,1
DA:210,14
DA:211,5
BRDA:211,6,0,4
BRDA:211,6,1,1
DA:212,4
DA:214,1
DA:217,19
DA:224,10
FN:224,DAOGovernance.finalizeProposal
FNDA:10,DAOGovernance.finalizeProposal
DA:225,10
BRDA:225,7,0,-
DA:227,10
DA:229,10
BRDA:229,8,0,1
DA:230,9
BRDA:230,9,0,-
DA:232,9
DA:239,7
FN:239,DAOGovernance.executeProposal
FNDA:7,DAOGovernance.executeProposal
DA:240,7
BRDA:240,10,0,-
DA:242,7
DA:245,7
BRDA:245,11,0,1
DA:246,1
DA:249,6
BRDA:249,12,0,1
DA:250,1
DA:253,5
BRDA:253,13,0,1
DA:254,1
DA:257,4
BRDA:257,14,0,1
DA:258,1
DA:261,3
DA:262,3
DA:264,3
DA:270,3
DA:277,4
FN:277,DAOGovernance.cancelProposal
FNDA:4,DAOGovernance.cancelProposal
DA:278,4
BRDA:278,15,0,-
DA:280,4
DA:282,4
BRDA:282,16,0,1
DA:283,1
DA:286,3
DA:288,3
DA:289,3
DA:291,3
BRDA:291,17,0,1
DA:292,1
DA:295,2
DA:297,2
DA:304,29
FN:304,DAOGovernance._validateProposalParams
FNDA:29,DAOGovernance._validateProposalParams
DA:305,29
DA:306,29
DA:308,29
BRDA:308,18,0,1
DA:309,28
BRDA:309,19,0,1
DA:310,27
BRDA:310,20,0,-
DA:311,0
DA:314,27
BRDA:314,21,0,1
DA:315,26
BRDA:315,22,0,1
DA:316,1
DA:320,9
FN:320,DAOGovernance._calculateFinalState
FNDA:9,DAOGovernance._calculateFinalState
DA:321,9
DA:322,9
DA:324,9
DA:325,9
BRDA:325,23,0,-
DA:327,9
DA:328,9
BRDA:328,24,0,1
DA:330,8
DA:332,8
DA:360,3
FN:360,DAOGovernance.getProposal
FNDA:3,DAOGovernance.getProposal
DA:361,3
BRDA:361,25,0,-
DA:363,3
DA:364,3
DA:366,3
DA:385,5
FN:385,DAOGovernance.getProposalState
FNDA:5,DAOGovernance.getProposalState
DA:386,5
BRDA:386,26,0,-
DA:387,5
DA:390,4
FN:390,DAOGovernance.getProposalCount
FNDA:4,DAOGovernance.getProposalCount
DA:391,4
DA:394,1
FN:394,DAOGovernance.hasUserVoted
FNDA:1,DAOGovernance.hasUserVoted
DA:395,1
BRDA:395,27,0,-
DA:396,1
DA:399,0
FN:399,DAOGovernance.getUserVote
FNDA:0,DAOGovernance.getUserVote
DA:400,0
BRDA:400,28,0,-
DA:401,0
DA:404,5
FN:404,DAOGovernance.getVotingResults
FNDA:5,DAOGovernance.getVotingResults
DA:418,5
BRDA:418,29,0,-
DA:420,5
DA:422,5
DA:423,5
DA:424,5
DA:425,5
DA:426,5
DA:427,5
FNF:14
FNH:13
LF:109
LH:105
BRF:32
BRH:20
end_of_record
TN:
SF:src/DAOTreasury.sol
DA:45,55
FN:45,DAOTreasury.deposit
FNDA:55,DAOTreasury.deposit
DA:46,55
BRDA:46,0,0,1
DA:47,1
DA:51,54
DA:53,54
DA:54,54
DA:56,54
DA:61,8
FN:61,DAOTreasury.withdraw
FNDA:8,DAOTreasury.withdraw
DA:62,8
BRDA:62,1,0,1
DA:63,1
DA:67,7
DA:69,7
BRDA:69,2,0,1
DA:70,1
DA:74,6
DA:76,6
BRDA:76,3,0,6
BRDA:76,3,1,-
DA:77,6
DA:79,0
DA:82,6
DA:83,6
BRDA:83,4,0,1
DA:84,1
DA:87,5
DA:96,29
FN:96,DAOTreasury.setGovernance
FNDA:29,DAOTreasury.setGovernance
DA:97,29
BRDA:97,5,0,-
DA:98,0
DA:100,29
BRDA:100,6,0,-
DA:101,0
DA:104,29
DA:105,29
DA:113,3
FN:113,DAOTreasury.executeTransaction
FNDA:3,DAOTreasury.executeTransaction
DA:118,3
BRDA:118,7,0,-
DA:119,0
DA:121,3
BRDA:121,8,0,-
DA:122,0
DA:125,3
DA:127,3
BRDA:127,9,0,-
DA:128,0
DA:131,3
DA:133,3
DA:141,4
FN:141,DAOTreasury.getTreasuryBalance
FNDA:4,DAOTreasury.getTreasuryBalance
DA:142,4
DA:146,1
FN:146,DAOTreasury.getTotalTokensMinted
FNDA:1,DAOTreasury.getTotalTokensMinted
DA:147,1
FNF:6
FNH:6
LF:42
LH:36
BRF:11
BRH:5
end_of_record
TN:
SF:test/DAOGovernance.t.sol
DA:645,3
FN:645,MockTarget.doSomething
FNDA:3,MockTarget.doSomething
DA:646,3
FNF:1
FNH:1
LF:2
LH:2
BRF:0
BRH:0
end_of_record
TN:
SF:test/DAOTreasury.t.sol
DA:152,1
FN:152,RevertingReceiver.constructor
FNDA:1,RevertingReceiver.constructor
DA:153,1
DA:156,1
FN:156,RevertingReceiver.receive
FNDA:1,RevertingReceiver.receive
DA:157,1
DA:160,1
FN:160,RevertingReceiver.depositAndWithdraw
FNDA:1,RevertingReceiver.depositAndWithdraw
DA:161,1
DA:162,1
FNF:3
FNH:3
LF:7
LH:7
BRF:0
BRH:0
end_of_record
